<?xml version="1.0" encoding="UTF-8"?>
<!-- Generated by org.testng.reporters.JUnitXMLReporter -->
<testsuite hostname="Nagendra-Yoga" ignored="0" name="Validating AddressBookPage " tests="27" failures="0" timestamp="2021-08-26T15:02:57 PDT" time="242.107" errors="0">
  <testcase name="TC_verifyAddressBookPageTitle" time="0.319" classname="com.DollarDays.testCases.AddressBookPageTest"/>
  <testcase name="TC_verifyAddressBookPageHeading" time="0.063" classname="com.DollarDays.testCases.AddressBookPageTest"/>
  <testcase name="TC_verifyAddNewShipToAddressLinkDisplay" time="0.058" classname="com.DollarDays.testCases.AddressBookPageTest"/>
  <testcase name="TC_verifyAddressBookLeftPanelLinksDisplay" time="0.235" classname="com.DollarDays.testCases.AddressBookPageTest"/>
  <testcase name="TC_verifyAddressBookLinksNavigations" time="3.78" classname="com.DollarDays.testCases.AddressBookPageTest"/>
  <testcase name="TC_verifyAddressBookLinksNavigations" time="3.927" classname="com.DollarDays.testCases.AddressBookPageTest"/>
  <testcase name="TC_verifyAddressBookLinksNavigations" time="5.645" classname="com.DollarDays.testCases.AddressBookPageTest"/>
  <testcase name="TC_verifyAddressBookLinksNavigations" time="2.221" classname="com.DollarDays.testCases.AddressBookPageTest"/>
  <testcase name="TC_verifyAddressBookLinksNavigations" time="3.761" classname="com.DollarDays.testCases.AddressBookPageTest"/>
  <testcase name="TC_verifyAddressBookLinksNavigations" time="3.948" classname="com.DollarDays.testCases.AddressBookPageTest"/>
  <testcase name="TC_verifyAddressBookLinksNavigations" time="6.111" classname="com.DollarDays.testCases.AddressBookPageTest"/>
  <testcase name="TC_verifyAddressBookLinksNavigations" time="15.386" classname="com.DollarDays.testCases.AddressBookPageTest"/>
  <testcase name="TC_verifyAddNewShipToAddressLink" time="10.281" classname="com.DollarDays.testCases.AddressBookPageTest"/>
  <testcase name="TC_verifyEditLink" time="11.537" classname="com.DollarDays.testCases.AddressBookPageTest"/>
  <testcase name="TC_verifySetAsDefaultLink" time="8.0" classname="com.DollarDays.testCases.AddressBookPageTest"/>
  <testcase name="TC_verifyDeleteLinkNoBtn" time="2.789" classname="com.DollarDays.testCases.AddressBookPageTest"/>
  <testcase name="TC_verifyDeleteLinkYesBtn" time="62.643" classname="com.DollarDays.testCases.AddressBookPageTest"/>
  <testcase name="TC_verifyCountryDropdownIsAList" time="1.911" classname="com.DollarDays.testCases.AddressBookPageTest"/>
  <testcase name="TC_verifyCountryDropdownDefaultValue" time="1.694" classname="com.DollarDays.testCases.AddressBookPageTest"/>
  <testcase name="TC_verifyStateDropdownOptions" time="1.261" classname="com.DollarDays.testCases.AddressBookPageTest"/>
  <testcase name="TC_verifyReceivTypeWithShippingDock" time="1.996" classname="com.DollarDays.testCases.AddressBookPageTest"/>
  <testcase name="TC_verifyReceivTypeWithoutShippingDock" time="2.032" classname="com.DollarDays.testCases.AddressBookPageTest"/>
  <testcase name="TC_verifyMandatoryFieldsAlertMsgDisplay" time="4.019" classname="com.DollarDays.testCases.AddressBookPageTest"/>
  <testcase name="TC_verifyFirstNameTextboxMaxLength" time="0.434" classname="com.DollarDays.testCases.AddressBookPageTest"/>
  <testcase name="TC_verifyLastNameTextboxMaxlength" time="0.463" classname="com.DollarDays.testCases.AddressBookPageTest"/>
  <testcase name="TC_verifyStreetAddressTextbox" time="1.963" classname="com.DollarDays.testCases.AddressBookPageTest"/>
  <testcase name="TC_verifyAptStebldgTextbox" time="1.837" classname="com.DollarDays.testCases.AddressBookPageTest"/>
</testsuite> <!-- Validating AddressBookPage  -->
